<?xml version="1.0" encoding="UTF-8"?>
<testsuite xmlns:xsi="http://www.w3.org/2001/XMLSchema-instance" xsi:noNamespaceSchemaLocation="https://maven.apache.org/surefire/maven-surefire-plugin/xsd/surefire-test-report-3.0.xsd" version="3.0" name="com.ashokit.ContactManagerTest" time="1.351" tests="22" errors="0" skipped="1" failures="0">
  <properties>
    <property name="java.specification.version" value="17"/>
    <property name="sun.cpu.isalist" value="amd64"/>
    <property name="sun.jnu.encoding" value="Cp1252"/>
    <property name="java.class.path" value="G:\ASHOKIT_WORKSPACE\47_SPRINGBOOT_AND_MICROSERVICES\APP_Workspace\37_JUnit_Testing_App\target\test-classes;G:\ASHOKIT_WORKSPACE\47_SPRINGBOOT_AND_MICROSERVICES\APP_Workspace\37_JUnit_Testing_App\target\classes;C:\Users\Ganesh\.m2\repository\org\junit\jupiter\junit-jupiter\5.10.0\junit-jupiter-5.10.0.jar;C:\Users\Ganesh\.m2\repository\org\junit\jupiter\junit-jupiter-api\5.10.0\junit-jupiter-api-5.10.0.jar;C:\Users\Ganesh\.m2\repository\org\opentest4j\opentest4j\1.3.0\opentest4j-1.3.0.jar;C:\Users\Ganesh\.m2\repository\org\junit\platform\junit-platform-commons\1.10.0\junit-platform-commons-1.10.0.jar;C:\Users\Ganesh\.m2\repository\org\apiguardian\apiguardian-api\1.1.2\apiguardian-api-1.1.2.jar;C:\Users\Ganesh\.m2\repository\org\junit\jupiter\junit-jupiter-params\5.10.0\junit-jupiter-params-5.10.0.jar;C:\Users\Ganesh\.m2\repository\org\junit\jupiter\junit-jupiter-engine\5.10.0\junit-jupiter-engine-5.10.0.jar;C:\Users\Ganesh\.m2\repository\org\junit\platform\junit-platform-engine\1.10.0\junit-platform-engine-1.10.0.jar;"/>
    <property name="java.vm.vendor" value="Eclipse Adoptium"/>
    <property name="sun.arch.data.model" value="64"/>
    <property name="user.variant" value=""/>
    <property name="java.vendor.url" value="https://adoptium.net/"/>
    <property name="user.timezone" value="Asia/Calcutta"/>
    <property name="os.name" value="Windows 10"/>
    <property name="java.vm.specification.version" value="17"/>
    <property name="sun.java.launcher" value="SUN_STANDARD"/>
    <property name="user.country" value="US"/>
    <property name="sun.boot.library.path" value="G:\ASHOKIT_WORKSPACE\31_SPRINGBOOT_AND_MICROSERVICES\sts-4.18.1.RELEASE\plugins\org.eclipse.justj.openjdk.hotspot.jre.full.win32.x86_64_17.0.7.v20230425-1502\jre\bin"/>
    <property name="sun.java.command" value="C:\Users\Ganesh\AppData\Local\Temp\surefire3823542493661286101\surefirebooter-20250119074229610_3.jar C:\Users\Ganesh\AppData\Local\Temp\surefire3823542493661286101 2025-01-19T07-42-29_303-jvmRun1 surefire-20250119074229610_1tmp surefire_0-20250119074229610_2tmp"/>
    <property name="jdk.debug" value="release"/>
    <property name="surefire.test.class.path" value="G:\ASHOKIT_WORKSPACE\47_SPRINGBOOT_AND_MICROSERVICES\APP_Workspace\37_JUnit_Testing_App\target\test-classes;G:\ASHOKIT_WORKSPACE\47_SPRINGBOOT_AND_MICROSERVICES\APP_Workspace\37_JUnit_Testing_App\target\classes;C:\Users\Ganesh\.m2\repository\org\junit\jupiter\junit-jupiter\5.10.0\junit-jupiter-5.10.0.jar;C:\Users\Ganesh\.m2\repository\org\junit\jupiter\junit-jupiter-api\5.10.0\junit-jupiter-api-5.10.0.jar;C:\Users\Ganesh\.m2\repository\org\opentest4j\opentest4j\1.3.0\opentest4j-1.3.0.jar;C:\Users\Ganesh\.m2\repository\org\junit\platform\junit-platform-commons\1.10.0\junit-platform-commons-1.10.0.jar;C:\Users\Ganesh\.m2\repository\org\apiguardian\apiguardian-api\1.1.2\apiguardian-api-1.1.2.jar;C:\Users\Ganesh\.m2\repository\org\junit\jupiter\junit-jupiter-params\5.10.0\junit-jupiter-params-5.10.0.jar;C:\Users\Ganesh\.m2\repository\org\junit\jupiter\junit-jupiter-engine\5.10.0\junit-jupiter-engine-5.10.0.jar;C:\Users\Ganesh\.m2\repository\org\junit\platform\junit-platform-engine\1.10.0\junit-platform-engine-1.10.0.jar;"/>
    <property name="sun.cpu.endian" value="little"/>
    <property name="user.home" value="C:\Users\Ganesh"/>
    <property name="user.language" value="en"/>
    <property name="java.specification.vendor" value="Oracle Corporation"/>
    <property name="java.version.date" value="2023-04-18"/>
    <property name="java.home" value="G:\ASHOKIT_WORKSPACE\31_SPRINGBOOT_AND_MICROSERVICES\sts-4.18.1.RELEASE\plugins\org.eclipse.justj.openjdk.hotspot.jre.full.win32.x86_64_17.0.7.v20230425-1502\jre"/>
    <property name="file.separator" value="\"/>
    <property name="style.color" value="always"/>
    <property name="basedir" value="G:\ASHOKIT_WORKSPACE\47_SPRINGBOOT_AND_MICROSERVICES\APP_Workspace\37_JUnit_Testing_App"/>
    <property name="java.vm.compressedOopsMode" value="32-bit"/>
    <property name="line.separator" value="&#10;"/>
    <property name="java.vm.specification.vendor" value="Oracle Corporation"/>
    <property name="java.specification.name" value="Java Platform API Specification"/>
    <property name="surefire.real.class.path" value="C:\Users\Ganesh\AppData\Local\Temp\surefire3823542493661286101\surefirebooter-20250119074229610_3.jar"/>
    <property name="user.script" value=""/>
    <property name="sun.management.compiler" value="HotSpot 64-Bit Tiered Compilers"/>
    <property name="java.runtime.version" value="17.0.7+7"/>
    <property name="user.name" value="Ganesh"/>
    <property name="path.separator" value=";"/>
    <property name="os.version" value="10.0"/>
    <property name="java.runtime.name" value="OpenJDK Runtime Environment"/>
    <property name="file.encoding" value="Cp1252"/>
    <property name="java.vm.name" value="OpenJDK 64-Bit Server VM"/>
    <property name="java.vendor.version" value="Temurin-17.0.7+7"/>
    <property name="localRepository" value="C:\Users\Ganesh\.m2\repository"/>
    <property name="java.vendor.url.bug" value="https://github.com/adoptium/adoptium-support/issues"/>
    <property name="java.io.tmpdir" value="C:\Users\Ganesh\AppData\Local\Temp\"/>
    <property name="java.version" value="17.0.7"/>
    <property name="user.dir" value="G:\ASHOKIT_WORKSPACE\47_SPRINGBOOT_AND_MICROSERVICES\APP_Workspace\37_JUnit_Testing_App"/>
    <property name="os.arch" value="amd64"/>
    <property name="java.vm.specification.name" value="Java Virtual Machine Specification"/>
    <property name="sun.os.patch.level" value=""/>
    <property name="native.encoding" value="Cp1252"/>
    <property name="java.library.path" value="G:\ASHOKIT_WORKSPACE\31_SPRINGBOOT_AND_MICROSERVICES\sts-4.18.1.RELEASE\plugins\org.eclipse.justj.openjdk.hotspot.jre.full.win32.x86_64_17.0.7.v20230425-1502\jre\bin;C:\Windows\Sun\Java\bin;C:\Windows\system32;C:\Windows;G:/ASHOKIT_WORKSPACE/31_SPRINGBOOT_AND_MICROSERVICES/sts-4.18.1.RELEASE//plugins/org.eclipse.justj.openjdk.hotspot.jre.full.win32.x86_64_17.0.7.v20230425-1502/jre/bin/server;G:/ASHOKIT_WORKSPACE/31_SPRINGBOOT_AND_MICROSERVICES/sts-4.18.1.RELEASE//plugins/org.eclipse.justj.openjdk.hotspot.jre.full.win32.x86_64_17.0.7.v20230425-1502/jre/bin;C:\oraclexe\app\oracle\product\11.2.0\server\bin;C:\oraclexe\app\oracle\product\11.2.0\server\bin;C:\Program Files\Common Files\Oracle\Java\javapath;C:\oraclexe\app\oracle\product\11.2.0\server\bin;C:\Windows\system32;C:\Windows;C:\Windows\System32\Wbem;C:\Windows\System32\WindowsPowerShell\v1.0\;C:\Windows\System32\OpenSSH\;C:\Program Files\Git\cmd;C:\Program Files\Java\jdk-17\bin;C:\apache-maven-3.9.5\bin;C:\Program Files\MongoDB\Server\8.0\bin;C:\mongosh-2.3.2-win32-x64\bin;C:\Program Files\MySQL\MySQL Shell 8.0\bin\;C:\Users\Ganesh\AppData\Local\Microsoft\WindowsApps;;C:\Program Files\JetBrains\IntelliJ IDEA Community Edition 2024.2\bin;;G:\ASHOKIT_WORKSPACE\31_SPRINGBOOT_AND_MICROSERVICES\sts-4.18.1.RELEASE;;."/>
    <property name="java.vm.info" value="mixed mode"/>
    <property name="java.vendor" value="Eclipse Adoptium"/>
    <property name="java.vm.version" value="17.0.7+7"/>
    <property name="sun.io.unicode.encoding" value="UnicodeLittle"/>
    <property name="java.class.version" value="61.0"/>
  </properties>
  <testcase name="shouldTestPhoneNumberFormatUsingMethodSource(String)[1]" classname="com.ashokit.ContactManagerTest" time="0.348">
    <system-out><![CDATA[Instantiating Contact Manager
Should Execute After Each Test
]]></system-out>
  </testcase>
  <testcase name="shouldTestPhoneNumberFormatUsingMethodSource(String)[2]" classname="com.ashokit.ContactManagerTest" time="0.007">
    <system-out><![CDATA[Instantiating Contact Manager
Should Execute After Each Test
]]></system-out>
  </testcase>
  <testcase name="shouldTestPhoneNumberFormatUsingMethodSource(String)[3]" classname="com.ashokit.ContactManagerTest" time="0.008">
    <system-out><![CDATA[Instantiating Contact Manager
Should Execute After Each Test
]]></system-out>
  </testcase>
  <testcase name="shouldBeDisabled" classname="com.ashokit.ContactManagerTest" time="0.0">
    <skipped message="public void com.ashokit.ContactManagerTest.shouldBeDisabled() is @Disabled"/>
  </testcase>
  <testcase name="shouldTestPhoneNumberFormatUsingCSVFileSource(String)[1]" classname="com.ashokit.ContactManagerTest" time="0.011">
    <system-out><![CDATA[Instantiating Contact Manager
Should Execute After Each Test
]]></system-out>
  </testcase>
  <testcase name="shouldTestContactCreationRepeatedly" classname="com.ashokit.ContactManagerTest" time="0.005">
    <system-out><![CDATA[Instantiating Contact Manager
Should Execute After Each Test
]]></system-out>
  </testcase>
  <testcase name="shouldTestContactCreationRepeatedly" classname="com.ashokit.ContactManagerTest" time="0.004">
    <system-out><![CDATA[Instantiating Contact Manager
Should Execute After Each Test
]]></system-out>
  </testcase>
  <testcase name="shouldTestContactCreationRepeatedly" classname="com.ashokit.ContactManagerTest" time="0.007">
    <system-out><![CDATA[Instantiating Contact Manager
Should Execute After Each Test
]]></system-out>
  </testcase>
  <testcase name="shouldTestContactCreationRepeatedly" classname="com.ashokit.ContactManagerTest" time="0.002">
    <system-out><![CDATA[Instantiating Contact Manager
Should Execute After Each Test
]]></system-out>
  </testcase>
  <testcase name="shouldTestContactCreationRepeatedly" classname="com.ashokit.ContactManagerTest" time="0.004">
    <system-out><![CDATA[Instantiating Contact Manager
Should Execute After Each Test
]]></system-out>
  </testcase>
  <testcase name="shouldThrowRuntimeExceptionWhenPhoneNumberIsNull" classname="com.ashokit.ContactManagerTest" time="0.013">
    <system-out><![CDATA[Instantiating Contact Manager
Should Execute After Each Test
]]></system-out>
  </testcase>
  <testcase name="shouldTestPhoneNumberFormat" classname="com.ashokit.ContactManagerTest" time="0.008">
    <system-out><![CDATA[Instantiating Contact Manager
Should Execute After Each Test
]]></system-out>
  </testcase>
  <testcase name="shouldTestPhoneNumberFormatUsingValueSource(String)[1]" classname="com.ashokit.ContactManagerTest" time="0.007">
    <system-out><![CDATA[Instantiating Contact Manager
Should Execute After Each Test
]]></system-out>
  </testcase>
  <testcase name="shouldTestPhoneNumberFormatUsingValueSource(String)[2]" classname="com.ashokit.ContactManagerTest" time="0.002">
    <system-out><![CDATA[Instantiating Contact Manager
Should Execute After Each Test
]]></system-out>
  </testcase>
  <testcase name="shouldTestPhoneNumberFormatUsingValueSource(String)[3]" classname="com.ashokit.ContactManagerTest" time="0.007">
    <system-out><![CDATA[Instantiating Contact Manager
Should Execute After Each Test
]]></system-out>
  </testcase>
  <testcase name="shouldTestPhoneNumberFormatUsingCSVSource(String)[1]" classname="com.ashokit.ContactManagerTest" time="0.005">
    <system-out><![CDATA[Instantiating Contact Manager
Should Execute After Each Test
]]></system-out>
  </testcase>
  <testcase name="shouldTestPhoneNumberFormatUsingCSVSource(String)[2]" classname="com.ashokit.ContactManagerTest" time="0.01">
    <system-out><![CDATA[Instantiating Contact Manager
Should Execute After Each Test
]]></system-out>
  </testcase>
  <testcase name="shouldTestPhoneNumberFormatUsingCSVSource(String)[3]" classname="com.ashokit.ContactManagerTest" time="0.004">
    <system-out><![CDATA[Instantiating Contact Manager
Should Execute After Each Test
]]></system-out>
  </testcase>
  <testcase name="shouldThrowRuntimeExceptionWhenFirstNameIsNull" classname="com.ashokit.ContactManagerTest" time="0.004">
    <system-out><![CDATA[Instantiating Contact Manager
Should Execute After Each Test
]]></system-out>
  </testcase>
  <testcase name="shouldThrowRuntimeExceptionWhenLastNameIsNull" classname="com.ashokit.ContactManagerTest" time="0.023">
    <system-out><![CDATA[Instantiating Contact Manager
Should Execute After Each Test
]]></system-out>
  </testcase>
  <testcase name="shouldThrowRuntimeExceptionWhenContactIsAlreadyExisted" classname="com.ashokit.ContactManagerTest" time="0.006">
    <system-out><![CDATA[Instantiating Contact Manager
Should Execute After Each Test
]]></system-out>
  </testcase>
  <testcase name="shouldCreateContact" classname="com.ashokit.ContactManagerTest" time="0.009">
    <system-out><![CDATA[Instantiating Contact Manager
Should Execute After Each Test
]]></system-out>
  </testcase>
</testsuite>